{"level":"info","message":"Registered job stats with schedule */5 * * * *","timestamp":"2024-12-06T16:24:35.259Z"}
{"level":"info","message":"Scheduler service started","timestamp":"2024-12-06T16:24:35.260Z"}
{"level":"info","message":"Starting stats job execution","timestamp":"2024-12-06T16:26:30.959Z"}
{"level":"info","message":"Starting stats job","timestamp":"2024-12-06T16:26:30.961Z"}
{"error":{},"level":"error","message":"Stats job failed","timestamp":"2024-12-06T16:26:30.970Z"}
{"level":"info","message":"Starting stats job execution","timestamp":"2024-12-06T16:36:35.724Z"}
{"level":"info","message":"Starting stats job","timestamp":"2024-12-06T16:36:35.725Z"}
{"error":{},"level":"error","message":"Stats job failed","timestamp":"2024-12-06T16:36:36.364Z"}
{"level":"info","message":"Job completed","result":{"error":{},"success":false},"timestamp":"2024-12-06T16:36:36.751Z"}
{"level":"info","message":"Starting stats job execution","timestamp":"2024-12-06T16:38:53.844Z"}
{"level":"info","message":"Starting stats job","timestamp":"2024-12-06T16:38:53.845Z"}
{"error":{},"level":"error","message":"Stats job failed","timestamp":"2024-12-06T16:38:54.458Z"}
{"level":"info","message":"Job completed","result":{"error":{},"success":false},"timestamp":"2024-12-06T16:38:54.808Z"}
{"level":"info","message":"Starting stats job execution","timestamp":"2024-12-06T16:39:02.482Z"}
{"level":"info","message":"Starting stats job","timestamp":"2024-12-06T16:39:02.484Z"}
{"error":{},"level":"error","message":"Stats job failed","timestamp":"2024-12-06T16:39:03.290Z"}
{"level":"info","message":"Job completed","result":{"error":{},"success":false},"timestamp":"2024-12-06T16:39:03.658Z"}
{"level":"info","message":"Starting stats job execution","timestamp":"2024-12-06T16:41:38.100Z"}
{"level":"info","message":"Starting stats job","timestamp":"2024-12-06T16:41:38.102Z"}
{"error":{},"level":"error","message":"Stats job failed","timestamp":"2024-12-06T16:41:38.601Z"}
{"level":"info","message":"Job completed","result":{"error":{},"success":false},"timestamp":"2024-12-06T16:41:39.037Z"}
{"level":"info","message":"Starting stats job execution","timestamp":"2024-12-06T16:41:40.817Z"}
{"level":"info","message":"Starting stats job","timestamp":"2024-12-06T16:41:40.818Z"}
{"error":{},"level":"error","message":"Stats job failed","timestamp":"2024-12-06T16:41:41.280Z"}
{"level":"info","message":"Job completed","result":{"error":{},"success":false},"timestamp":"2024-12-06T16:41:41.720Z"}
{"level":"info","message":"Starting stats job execution","timestamp":"2024-12-06T16:41:43.403Z"}
{"level":"info","message":"Starting stats job","timestamp":"2024-12-06T16:41:43.405Z"}
{"error":{},"level":"error","message":"Stats job failed","timestamp":"2024-12-06T16:41:43.908Z"}
{"level":"info","message":"Job completed","result":{"error":{},"success":false},"timestamp":"2024-12-06T16:41:44.276Z"}
{"level":"info","message":"Starting stats job execution","timestamp":"2024-12-06T16:41:47.376Z"}
{"level":"info","message":"Starting stats job","timestamp":"2024-12-06T16:41:47.377Z"}
{"error":{},"level":"error","message":"Stats job failed","timestamp":"2024-12-06T16:41:48.192Z"}
{"level":"info","message":"Job completed","result":{"error":{},"success":false},"timestamp":"2024-12-06T16:41:48.577Z"}
{"level":"info","message":"Starting stats job execution","timestamp":"2024-12-06T16:41:50.310Z"}
{"level":"info","message":"Starting stats job","timestamp":"2024-12-06T16:41:50.312Z"}
{"error":{},"level":"error","message":"Stats job failed","timestamp":"2024-12-06T16:41:50.719Z"}
{"level":"info","message":"Job completed","result":{"error":{},"success":false},"timestamp":"2024-12-06T16:41:51.064Z"}
{"level":"info","message":"Starting stats job execution","timestamp":"2024-12-06T16:42:45.848Z"}
{"level":"info","message":"Starting stats job","timestamp":"2024-12-06T16:42:45.850Z"}
{"error":{},"level":"error","message":"Stats job failed","timestamp":"2024-12-06T16:42:46.260Z"}
{"level":"info","message":"Job completed","result":{"error":{},"success":false},"timestamp":"2024-12-06T16:42:46.626Z"}
{"level":"info","message":"Starting stats job execution","timestamp":"2024-12-06T16:44:07.324Z"}
{"level":"info","message":"Starting stats job","timestamp":"2024-12-06T16:44:07.326Z"}
{"error":{},"level":"error","message":"Stats job failed: Error: Failed to fetch http://localhost:8888/api/stats: request to http://localhost:8888/api/stats failed, reason: ","timestamp":"2024-12-06T16:44:07.938Z"}
{"level":"info","message":"Job completed","result":{"error":{},"success":false},"timestamp":"2024-12-06T16:44:08.340Z"}
{"level":"info","message":"Starting stats job execution","timestamp":"2024-12-06T16:44:34.809Z"}
{"level":"info","message":"Starting stats job","timestamp":"2024-12-06T16:44:34.811Z"}
{"error":{},"level":"error","message":"Stats job failed: Error: Failed to fetch http://localhost:8888/api/stats: request to http://localhost:8888/api/stats failed, reason: ","timestamp":"2024-12-06T16:44:35.244Z"}
{"level":"info","message":"Job completed","result":{"error":{},"success":false},"timestamp":"2024-12-06T16:44:35.684Z"}
{"level":"info","message":"Starting stats job execution","timestamp":"2024-12-06T16:45:01.100Z"}
{"level":"info","message":"Starting stats job","timestamp":"2024-12-06T16:45:01.102Z"}
{"error":{},"level":"error","message":"Stats job failed: Error: Failed to fetch http://localhost:8888/api/stats: request to http://localhost:8888/api/stats failed, reason: ","timestamp":"2024-12-06T16:45:01.595Z"}
{"level":"info","message":"Job completed","result":{"error":{},"success":false},"timestamp":"2024-12-06T16:45:02.002Z"}
{"level":"info","message":"Starting stats job execution","timestamp":"2024-12-06T16:45:14.242Z"}
{"level":"info","message":"Starting stats job","timestamp":"2024-12-06T16:45:14.244Z"}
{"error":{},"level":"error","message":"Stats job failed: Error: Failed to fetch http://localhost:8888/api/stats: request to http://localhost:8888/api/stats failed, reason: ","timestamp":"2024-12-06T16:45:14.701Z"}
{"level":"info","message":"Job completed","result":{"error":{},"success":false},"timestamp":"2024-12-06T16:45:15.092Z"}
{"level":"info","message":"Starting stats job execution","timestamp":"2024-12-06T16:45:47.385Z"}
{"level":"info","message":"Starting stats job","timestamp":"2024-12-06T16:45:47.387Z"}
{"error":{},"level":"error","message":"Stats job failed: Error: Failed to fetch http://localhost:8888/api/stats: request to http://localhost:8888/api/stats failed, reason: ","timestamp":"2024-12-06T16:45:47.919Z"}
{"level":"info","message":"Job completed","result":{"error":{},"success":false},"timestamp":"2024-12-06T16:45:48.322Z"}
{"level":"info","message":"Starting stats job execution","timestamp":"2024-12-06T17:05:04.155Z"}
{"level":"info","message":"Starting stats job","timestamp":"2024-12-06T17:05:04.157Z"}
{"error":{},"level":"error","message":"Stats job failed: Error: Failed to fetch http://localhost:8888/api/stats: request to http://localhost:8888/api/stats failed, reason: ","timestamp":"2024-12-06T17:05:04.709Z"}
{"level":"info","message":"Job completed","result":{"error":{},"success":false},"timestamp":"2024-12-06T17:05:05.319Z"}
{"level":"info","message":"Starting stats job execution","timestamp":"2024-12-06T17:05:46.731Z"}
{"level":"info","message":"Starting stats job","timestamp":"2024-12-06T17:05:46.732Z"}
{"error":{},"level":"error","message":"Stats job failed: Error: Failed to fetch http://localhost:8888/api/stats: request to http://localhost:8888/api/stats failed, reason: ","timestamp":"2024-12-06T17:05:47.220Z"}
{"level":"info","message":"Job completed","result":{"error":{},"success":false},"timestamp":"2024-12-06T17:05:47.741Z"}
{"level":"info","message":"Starting stats job execution","timestamp":"2024-12-06T17:07:34.590Z"}
{"level":"info","message":"Starting stats job","timestamp":"2024-12-06T17:07:34.591Z"}
{"error":{},"level":"error","message":"Stats job failed: Error: Failed to fetch http://localhost:8888/api/stats: request to http://localhost:8888/api/stats failed, reason: ","timestamp":"2024-12-06T17:07:35.046Z"}
{"level":"info","message":"Job completed","result":{"error":{},"success":false},"timestamp":"2024-12-06T17:07:35.469Z"}
